Sun Aug 21 17:28:35 EET 2022 : Apache Derby Network Server - 10.14.2.0 - (1828579) started and ready to accept connections on port 1527
----------------------------------------------------------------
Sun Aug 21 17:28:35 EET 2022:
Booting Derby version The Apache Software Foundation - Apache Derby - 10.14.2.0 - (1828579): instance a816c00e-0182-c105-22bb-0000035ce610 
on database directory C:\Users\ahmed\Desktop\summer\SE\Bug (tracker)\Bug-Tracking-System\Bug Tracker System with class loader sun.misc.Launcher$AppClassLoader@1d44bcfa 
Loaded from file:/C:/Program%20Files/Java/jdk1.8.0_202/lib/derby.jar
java.vendor=Oracle Corporation
java.runtime.version=1.8.0_202-b08
user.dir=C:\Program Files\Java\jdk1.8.0_202
os.name=Windows 10
os.arch=amd64
os.version=10.0
derby.system.home=C:\Users\ahmed\Desktop\summer\SE\Bug (tracker)\Bug-Tracking-System
Database Class Loader started - derby.database.classpath=''
----------------------------------------------------------------
Sun Aug 21 20:41:23 EET 2022: Shutting down Derby engine
----------------------------------------------------------------
Sun Aug 21 20:41:23 EET 2022:
Shutting down instance a816c00e-0182-c105-22bb-0000035ce610 on database directory C:\Users\ahmed\Desktop\summer\SE\Bug (tracker)\Bug-Tracking-System\Bug Tracker System with class loader sun.misc.Launcher$AppClassLoader@1d44bcfa 
----------------------------------------------------------------
